[    84.261] (--) Log file renamed from "/home/vftsiqueira/.local/share/xorg/Xorg.pid-1516.log" to "/home/vftsiqueira/.local/share/xorg/Xorg.0.log"
[    84.261] 
X.Org X Server 1.20.8
X Protocol Version 11, Revision 0
[    84.261] Build Operating System: Linux 4.15.0-115-generic x86_64 Ubuntu
[    84.261] Current Operating System: Linux NOTE-VITOR-LINUX 5.4.0-51-generic #56-Ubuntu SMP Mon Oct 5 14:28:49 UTC 2020 x86_64
[    84.261] Kernel command line: BOOT_IMAGE=/boot/vmlinuz-5.4.0-51-generic root=UUID=ff71a7ab-2d2b-4965-ba2f-4a426e2c6b95 ro quiet splash vt.handoff=7
[    84.261] Build Date: 04 September 2020  01:34:27PM
[    84.261] xorg-server 2:1.20.8-2ubuntu2.4 (For technical support please see http://www.ubuntu.com/support) 
[    84.261] Current version of pixman: 0.38.4
[    84.261] 	Before reporting problems, check http://wiki.x.org
	to make sure that you have the latest version.
[    84.261] Markers: (--) probed, (**) from config file, (==) default setting,
	(++) from command line, (!!) notice, (II) informational,
	(WW) warning, (EE) error, (NI) not implemented, (??) unknown.
[    84.261] (==) Log file: "/home/vftsiqueira/.local/share/xorg/Xorg.0.log", Time: Fri Oct 16 11:47:04 2020
[    84.262] (==) Using system config directory "/usr/share/X11/xorg.conf.d"
[    84.263] (==) No Layout section.  Using the first Screen section.
[    84.263] (==) No screen section available. Using defaults.
[    84.263] (**) |-->Screen "Default Screen Section" (0)
[    84.263] (**) |   |-->Monitor "<default monitor>"
[    84.264] (==) No monitor specified for screen "Default Screen Section".
	Using a default monitor configuration.
[    84.264] (==) Automatically adding devices
[    84.264] (==) Automatically enabling devices
[    84.264] (==) Automatically adding GPU devices
[    84.264] (==) Automatically binding GPU devices
[    84.264] (==) Max clients allowed: 256, resource mask: 0x1fffff
[    84.264] (WW) The directory "/usr/share/fonts/X11/cyrillic" does not exist.
[    84.264] 	Entry deleted from font path.
[    84.264] (WW) The directory "/usr/share/fonts/X11/100dpi/" does not exist.
[    84.264] 	Entry deleted from font path.
[    84.264] (WW) The directory "/usr/share/fonts/X11/75dpi/" does not exist.
[    84.264] 	Entry deleted from font path.
[    84.264] (WW) The directory "/usr/share/fonts/X11/100dpi" does not exist.
[    84.264] 	Entry deleted from font path.
[    84.264] (WW) The directory "/usr/share/fonts/X11/75dpi" does not exist.
[    84.264] 	Entry deleted from font path.
[    84.264] (==) FontPath set to:
	/usr/share/fonts/X11/misc,
	/usr/share/fonts/X11/Type1,
	built-ins
[    84.264] (==) ModulePath set to "/usr/lib/xorg/modules"
[    84.264] (II) The server relies on udev to provide the list of input devices.
	If no devices become available, reconfigure udev or disable AutoAddDevices.
[    84.264] (II) Loader magic: 0x55cf62db5020
[    84.264] (II) Module ABI versions:
[    84.264] 	X.Org ANSI C Emulation: 0.4
[    84.264] 	X.Org Video Driver: 24.1
[    84.264] 	X.Org XInput driver : 24.1
[    84.264] 	X.Org Server Extension : 10.0
[    84.266] (++) using VT number 2

[    84.268] (II) systemd-logind: took control of session /org/freedesktop/login1/session/_32
[    84.268] (II) xfree86: Adding drm device (/dev/dri/card0)
[    84.269] (II) systemd-logind: got fd for /dev/dri/card0 226:0 fd 12 paused 0
[    84.271] (--) PCI:*(0@0:2:0) 8086:5917:1028:08d1 rev 7, Mem @ 0xd0000000/16777216, 0xc0000000/268435456, I/O @ 0x0000f000/64, BIOS @ 0x????????/131072
[    84.271] (II) LoadModule: "glx"
[    84.272] (II) Loading /usr/lib/xorg/modules/extensions/libglx.so
[    84.274] (II) Module glx: vendor="X.Org Foundation"
[    84.274] 	compiled for 1.20.8, module version = 1.0.0
[    84.274] 	ABI class: X.Org Server Extension, version 10.0
[    84.274] (==) Matched modesetting as autoconfigured driver 0
[    84.274] (==) Matched fbdev as autoconfigured driver 1
[    84.274] (==) Matched vesa as autoconfigured driver 2
[    84.274] (==) Assigned the driver to the xf86ConfigLayout
[    84.274] (II) LoadModule: "modesetting"
[    84.274] (II) Loading /usr/lib/xorg/modules/drivers/modesetting_drv.so
[    84.275] (II) Module modesetting: vendor="X.Org Foundation"
[    84.275] 	compiled for 1.20.8, module version = 1.20.8
[    84.275] 	Module class: X.Org Video Driver
[    84.275] 	ABI class: X.Org Video Driver, version 24.1
[    84.275] (II) LoadModule: "fbdev"
[    84.275] (II) Loading /usr/lib/xorg/modules/drivers/fbdev_drv.so
[    84.276] (II) Module fbdev: vendor="X.Org Foundation"
[    84.276] 	compiled for 1.20.1, module version = 0.5.0
[    84.276] 	Module class: X.Org Video Driver
[    84.276] 	ABI class: X.Org Video Driver, version 24.0
[    84.276] (II) LoadModule: "vesa"
[    84.276] (II) Loading /usr/lib/xorg/modules/drivers/vesa_drv.so
[    84.277] (II) Module vesa: vendor="X.Org Foundation"
[    84.277] 	compiled for 1.20.4, module version = 2.4.0
[    84.277] 	Module class: X.Org Video Driver
[    84.277] 	ABI class: X.Org Video Driver, version 24.0
[    84.277] (II) modesetting: Driver for Modesetting Kernel Drivers: kms
[    84.277] (II) FBDEV: driver for framebuffer: fbdev
[    84.277] (II) VESA: driver for VESA chipsets: vesa
[    84.277] xf86EnableIOPorts: failed to set IOPL for I/O (Operation not permitted)
[    84.277] (II) modeset(0): using drv /dev/dri/card0
[    84.277] (WW) Falling back to old probe method for fbdev
[    84.277] (II) Loading sub module "fbdevhw"
[    84.277] (II) LoadModule: "fbdevhw"
[    84.277] (II) Loading /usr/lib/xorg/modules/libfbdevhw.so
[    84.278] (II) Module fbdevhw: vendor="X.Org Foundation"
[    84.278] 	compiled for 1.20.8, module version = 0.0.2
[    84.278] 	ABI class: X.Org Video Driver, version 24.1
[    84.278] (EE) open /dev/fb0: Permission denied
[    84.278] (WW) VGA arbiter: cannot open kernel arbiter, no multi-card support
[    84.278] (II) modeset(0): Creating default Display subsection in Screen section
	"Default Screen Section" for depth/fbbpp 24/32
[    84.278] (==) modeset(0): Depth 24, (==) framebuffer bpp 32
[    84.278] (==) modeset(0): RGB weight 888
[    84.278] (==) modeset(0): Default visual is TrueColor
[    84.278] (II) Loading sub module "glamoregl"
[    84.278] (II) LoadModule: "glamoregl"
[    84.278] (II) Loading /usr/lib/xorg/modules/libglamoregl.so
[    84.282] (II) Module glamoregl: vendor="X.Org Foundation"
[    84.282] 	compiled for 1.20.8, module version = 1.0.1
[    84.282] 	ABI class: X.Org ANSI C Emulation, version 0.4
[    84.331] (II) modeset(0): glamor X acceleration enabled on Mesa Intel(R) UHD Graphics 620 (KBL GT2)
[    84.331] (II) modeset(0): glamor initialized
[    84.332] (II) modeset(0): Output eDP-1 has no monitor section
[    84.359] (II) modeset(0): Output HDMI-1 has no monitor section
[    84.359] (II) modeset(0): Output DP-1 has no monitor section
[    84.471] (II) modeset(0): Output HDMI-2 has no monitor section
[    84.472] (II) modeset(0): EDID for output eDP-1
[    84.472] (II) modeset(0): Manufacturer: BOE  Model: 808  Serial#: 0
[    84.472] (II) modeset(0): Year: 2018  Week: 1
[    84.472] (II) modeset(0): EDID Version: 1.4
[    84.472] (II) modeset(0): Digital Display Input
[    84.472] (II) modeset(0): 6 bits per channel
[    84.472] (II) modeset(0): Digital interface is DisplayPort
[    84.472] (II) modeset(0): Max Image Size [cm]: horiz.: 34  vert.: 19
[    84.472] (II) modeset(0): Gamma: 2.20
[    84.472] (II) modeset(0): No DPMS capabilities specified
[    84.472] (II) modeset(0): Supported color encodings: RGB 4:4:4 YCrCb 4:4:4 
[    84.472] (II) modeset(0): First detailed timing is preferred mode
[    84.472] (II) modeset(0): Preferred mode is native pixel format and refresh rate
[    84.472] (II) modeset(0): redX: 0.590 redY: 0.350   greenX: 0.329 greenY: 0.555
[    84.472] (II) modeset(0): blueX: 0.152 blueY: 0.118   whiteX: 0.312 whiteY: 0.328
[    84.472] (II) modeset(0): Manufacturer's mask: 0
[    84.472] (II) modeset(0): Supported detailed timing:
[    84.472] (II) modeset(0): clock: 70.1 MHz   Image Size:  344 x 194 mm
[    84.472] (II) modeset(0): h_active: 1366  h_sync: 1414  h_sync_end 1446 h_blank_end 1485 h_border: 0
[    84.472] (II) modeset(0): v_active: 768  v_sync: 771  v_sync_end 777 v_blanking: 787 v_border: 0
[    84.472] (II) modeset(0): Supported detailed timing:
[    84.472] (II) modeset(0): clock: 60.5 MHz   Image Size:  344 x 194 mm
[    84.472] (II) modeset(0): h_active: 1366  h_sync: 1414  h_sync_end 1446 h_blank_end 1551 h_border: 0
[    84.472] (II) modeset(0): v_active: 768  v_sync: 771  v_sync_end 777 v_blanking: 813 v_border: 0
[    84.472] (II) modeset(0):  9CV35€NT15N42
[    84.472] (II) modeset(0): Unknown vendor-specific block 0
[    84.472] (II) modeset(0): EDID (in hex):
[    84.472] (II) modeset(0): 	00ffffffffffff0009e5080800000000
[    84.472] (II) modeset(0): 	011c0104952213780a24109759548e27
[    84.472] (II) modeset(0): 	1e505400000001010101010101010101
[    84.472] (II) modeset(0): 	010101010101641b5677500013303020
[    84.472] (II) modeset(0): 	360058c21000001aa21756b950002d30
[    84.472] (II) modeset(0): 	3020360058c21000001a000000fe0039
[    84.472] (II) modeset(0): 	43563335804e5431354e343200000000
[    84.472] (II) modeset(0): 	00004101940010000009010a20200005
[    84.472] (II) modeset(0): Printing probed modes for output eDP-1
[    84.472] (II) modeset(0): Modeline "1366x768"x60.0   70.12  1366 1414 1446 1485  768 771 777 787 +hsync -vsync (47.2 kHz eP)
[    84.472] (II) modeset(0): Modeline "1366x768"x48.0   60.50  1366 1414 1446 1551  768 771 777 813 +hsync -vsync (39.0 kHz e)
[    84.472] (II) modeset(0): Modeline "1360x768"x59.8   84.75  1360 1432 1568 1776  768 771 781 798 -hsync +vsync (47.7 kHz d)
[    84.472] (II) modeset(0): Modeline "1360x768"x60.0   72.00  1360 1408 1440 1520  768 771 781 790 +hsync -vsync (47.4 kHz d)
[    84.472] (II) modeset(0): Modeline "1280x720"x120.0  156.12  1280 1376 1512 1744  720 721 724 746 doublescan -hsync +vsync (89.5 kHz d)
[    84.472] (II) modeset(0): Modeline "1280x720"x120.0  120.75  1280 1304 1320 1360  720 721 724 740 doublescan +hsync -vsync (88.8 kHz d)
[    84.472] (II) modeset(0): Modeline "1280x720"x59.9   74.50  1280 1344 1472 1664  720 723 728 748 -hsync +vsync (44.8 kHz d)
[    84.472] (II) modeset(0): Modeline "1280x720"x59.7   63.75  1280 1328 1360 1440  720 723 728 741 +hsync -vsync (44.3 kHz d)
[    84.472] (II) modeset(0): Modeline "1024x768"x120.1  133.47  1024 1100 1212 1400  768 768 770 794 doublescan -hsync +vsync (95.3 kHz d)
[    84.473] (II) modeset(0): Modeline "1024x768"x60.0   65.00  1024 1048 1184 1344  768 771 777 806 -hsync -vsync (48.4 kHz d)
[    84.473] (II) modeset(0): Modeline "960x720"x120.0  117.00  960 1024 1128 1300  720 720 722 750 doublescan -hsync +vsync (90.0 kHz d)
[    84.473] (II) modeset(0): Modeline "928x696"x120.1  109.15  928 976 1088 1264  696 696 698 719 doublescan -hsync +vsync (86.4 kHz d)
[    84.473] (II) modeset(0): Modeline "896x672"x120.0  102.40  896 960 1060 1224  672 672 674 697 doublescan -hsync +vsync (83.7 kHz d)
[    84.473] (II) modeset(0): Modeline "1024x576"x119.9   98.50  1024 1092 1200 1376  576 577 580 597 doublescan -hsync +vsync (71.6 kHz d)
[    84.473] (II) modeset(0): Modeline "1024x576"x119.9   78.38  1024 1048 1064 1104  576 577 580 592 doublescan +hsync -vsync (71.0 kHz d)
[    84.473] (II) modeset(0): Modeline "1024x576"x59.9   46.50  1024 1064 1160 1296  576 579 584 599 -hsync +vsync (35.9 kHz d)
[    84.473] (II) modeset(0): Modeline "1024x576"x59.8   42.00  1024 1072 1104 1184  576 579 584 593 +hsync -vsync (35.5 kHz d)
[    84.473] (II) modeset(0): Modeline "960x600"x119.9   96.62  960 1028 1128 1296  600 601 604 622 doublescan -hsync +vsync (74.6 kHz d)
[    84.473] (II) modeset(0): Modeline "960x600"x120.0   77.00  960 984 1000 1040  600 601 604 617 doublescan +hsync -vsync (74.0 kHz d)
[    84.473] (II) modeset(0): Modeline "960x540"x119.9   86.50  960 1024 1124 1288  540 541 544 560 doublescan -hsync +vsync (67.2 kHz d)
[    84.473] (II) modeset(0): Modeline "960x540"x120.0   69.25  960 984 1000 1040  540 541 544 555 doublescan +hsync -vsync (66.6 kHz d)
[    84.473] (II) modeset(0): Modeline "960x540"x59.6   40.75  960 992 1088 1216  540 543 548 562 -hsync +vsync (33.5 kHz d)
[    84.473] (II) modeset(0): Modeline "960x540"x59.8   37.25  960 1008 1040 1120  540 543 548 556 +hsync -vsync (33.3 kHz d)
[    84.473] (II) modeset(0): Modeline "800x600"x120.0   81.00  800 832 928 1080  600 600 602 625 doublescan +hsync +vsync (75.0 kHz d)
[    84.473] (II) modeset(0): Modeline "800x600"x60.3   40.00  800 840 968 1056  600 601 605 628 +hsync +vsync (37.9 kHz d)
[    84.473] (II) modeset(0): Modeline "800x600"x56.2   36.00  800 824 896 1024  600 601 603 625 +hsync +vsync (35.2 kHz d)
[    84.473] (II) modeset(0): Modeline "840x525"x120.0   73.12  840 892 980 1120  525 526 529 544 doublescan -hsync +vsync (65.3 kHz d)
[    84.473] (II) modeset(0): Modeline "840x525"x119.8   59.50  840 864 880 920  525 526 529 540 doublescan +hsync -vsync (64.7 kHz d)
[    84.473] (II) modeset(0): Modeline "864x486"x59.9   32.50  864 888 968 1072  486 489 494 506 -hsync +vsync (30.3 kHz d)
[    84.473] (II) modeset(0): Modeline "864x486"x59.6   30.50  864 912 944 1024  486 489 494 500 +hsync -vsync (29.8 kHz d)
[    84.473] (II) modeset(0): Modeline "800x512"x120.3   51.56  800 800 828 832  512 512 514 515 doublescan +hsync +vsync (62.0 kHz d)
[    84.473] (II) modeset(0): Modeline "700x525"x120.0   61.00  700 744 820 940  525 526 532 541 doublescan +hsync +vsync (64.9 kHz d)
[    84.473] (II) modeset(0): Modeline "800x450"x119.9   59.12  800 848 928 1056  450 451 454 467 doublescan -hsync +vsync (56.0 kHz d)
[    84.473] (II) modeset(0): Modeline "800x450"x119.6   48.75  800 824 840 880  450 451 454 463 doublescan +hsync -vsync (55.4 kHz d)
[    84.473] (II) modeset(0): Modeline "640x512"x120.0   54.00  640 664 720 844  512 512 514 533 doublescan +hsync +vsync (64.0 kHz d)
[    84.473] (II) modeset(0): Modeline "720x450"x119.8   53.25  720 760 836 952  450 451 454 467 doublescan -hsync +vsync (55.9 kHz d)
[    84.473] (II) modeset(0): Modeline "700x450"x119.9   51.75  700 740 812 924  450 451 456 467 doublescan -hsync +vsync (56.0 kHz d)
[    84.473] (II) modeset(0): Modeline "700x450"x119.8   43.25  700 724 740 780  450 451 456 463 doublescan +hsync -vsync (55.4 kHz d)
[    84.473] (II) modeset(0): Modeline "640x480"x120.0   54.00  640 688 744 900  480 480 482 500 doublescan +hsync +vsync (60.0 kHz d)
[    84.473] (II) modeset(0): Modeline "640x480"x59.9   25.18  640 656 752 800  480 490 492 525 -hsync -vsync (31.5 kHz d)
[    84.473] (II) modeset(0): Modeline "720x405"x59.5   22.50  720 744 808 896  405 408 413 422 -hsync +vsync (25.1 kHz d)
[    84.473] (II) modeset(0): Modeline "720x405"x59.0   21.75  720 768 800 880  405 408 413 419 +hsync -vsync (24.7 kHz d)
[    84.473] (II) modeset(0): Modeline "684x384"x119.8   42.62  684 720 788 892  384 385 390 399 doublescan -hsync +vsync (47.8 kHz d)
[    84.473] (II) modeset(0): Modeline "684x384"x119.7   36.12  684 708 724 764  384 385 390 395 doublescan +hsync -vsync (47.3 kHz d)
[    84.473] (II) modeset(0): Modeline "680x384"x119.6   42.38  680 716 784 888  384 385 390 399 doublescan -hsync +vsync (47.7 kHz d)
[    84.473] (II) modeset(0): Modeline "680x384"x119.9   36.00  680 704 720 760  384 385 390 395 doublescan +hsync -vsync (47.4 kHz d)
[    84.473] (II) modeset(0): Modeline "640x400"x119.8   41.75  640 676 740 840  400 401 404 415 doublescan -hsync +vsync (49.7 kHz d)
[    84.473] (II) modeset(0): Modeline "640x400"x120.0   35.50  640 664 680 720  400 401 404 411 doublescan +hsync -vsync (49.3 kHz d)
[    84.473] (II) modeset(0): Modeline "576x432"x120.1   40.81  576 608 668 760  432 432 434 447 doublescan -hsync +vsync (53.7 kHz d)
[    84.473] (II) modeset(0): Modeline "640x360"x119.7   37.25  640 672 736 832  360 361 364 374 doublescan -hsync +vsync (44.8 kHz d)
[    84.473] (II) modeset(0): Modeline "640x360"x119.7   31.88  640 664 680 720  360 361 364 370 doublescan +hsync -vsync (44.3 kHz d)
[    84.473] (II) modeset(0): Modeline "640x360"x59.8   18.00  640 664 720 800  360 363 368 376 -hsync +vsync (22.5 kHz d)
[    84.473] (II) modeset(0): Modeline "640x360"x59.3   17.75  640 688 720 800  360 363 368 374 +hsync -vsync (22.2 kHz d)
[    84.473] (II) modeset(0): Modeline "512x384"x120.0   32.50  512 524 592 672  384 385 388 403 doublescan -hsync -vsync (48.4 kHz d)
[    84.473] (II) modeset(0): Modeline "512x288"x120.0   23.25  512 532 580 648  288 289 292 299 doublescan -hsync +vsync (35.9 kHz d)
[    84.473] (II) modeset(0): Modeline "512x288"x119.8   21.00  512 536 552 592  288 289 292 296 doublescan +hsync -vsync (35.5 kHz d)
[    84.473] (II) modeset(0): Modeline "480x270"x119.3   20.38  480 496 544 608  270 271 274 281 doublescan -hsync +vsync (33.5 kHz d)
[    84.473] (II) modeset(0): Modeline "480x270"x119.6   18.62  480 504 520 560  270 271 274 278 doublescan +hsync -vsync (33.3 kHz d)
[    84.473] (II) modeset(0): Modeline "400x300"x120.6   20.00  400 420 484 528  300 300 302 314 doublescan +hsync +vsync (37.9 kHz d)
[    84.473] (II) modeset(0): Modeline "400x300"x112.7   18.00  400 412 448 512  300 300 301 312 doublescan +hsync +vsync (35.2 kHz d)
[    84.473] (II) modeset(0): Modeline "432x243"x119.8   16.25  432 444 484 536  243 244 247 253 doublescan -hsync +vsync (30.3 kHz d)
[    84.473] (II) modeset(0): Modeline "432x243"x119.1   15.25  432 456 472 512  243 244 247 250 doublescan +hsync -vsync (29.8 kHz d)
[    84.473] (II) modeset(0): Modeline "320x240"x120.1   12.59  320 328 376 400  240 245 246 262 doublescan -hsync -vsync (31.5 kHz d)
[    84.473] (II) modeset(0): Modeline "360x202"x119.0   11.25  360 372 404 448  202 204 206 211 doublescan -hsync +vsync (25.1 kHz d)
[    84.473] (II) modeset(0): Modeline "360x202"x118.3   10.88  360 384 400 440  202 204 206 209 doublescan +hsync -vsync (24.7 kHz d)
[    84.473] (II) modeset(0): Modeline "320x180"x119.7    9.00  320 332 360 400  180 181 184 188 doublescan -hsync +vsync (22.5 kHz d)
[    84.473] (II) modeset(0): Modeline "320x180"x118.6    8.88  320 344 360 400  180 181 184 187 doublescan +hsync -vsync (22.2 kHz d)
[    84.500] (II) modeset(0): EDID for output HDMI-1
[    84.500] (II) modeset(0): Manufacturer: AOC  Model: 2401  Serial#: 1323
[    84.500] (II) modeset(0): Year: 2020  Week: 2
[    84.500] (II) modeset(0): EDID Version: 1.3
[    84.500] (II) modeset(0): Digital Display Input
[    84.500] (II) modeset(0): Max Image Size [cm]: horiz.: 52  vert.: 29
[    84.500] (II) modeset(0): Gamma: 2.20
[    84.500] (II) modeset(0): DPMS capabilities: Off
[    84.500] (II) modeset(0): Supported color encodings: RGB 4:4:4 YCrCb 4:4:4 
[    84.500] (II) modeset(0): First detailed timing is preferred mode
[    84.500] (II) modeset(0): redX: 0.650 redY: 0.333   greenX: 0.318 greenY: 0.616
[    84.500] (II) modeset(0): blueX: 0.148 blueY: 0.052   whiteX: 0.313 whiteY: 0.329
[    84.500] (II) modeset(0): Supported established timings:
[    84.500] (II) modeset(0): 720x400@70Hz
[    84.500] (II) modeset(0): 640x480@60Hz
[    84.500] (II) modeset(0): 640x480@67Hz
[    84.500] (II) modeset(0): 640x480@72Hz
[    84.500] (II) modeset(0): 640x480@75Hz
[    84.500] (II) modeset(0): 800x600@56Hz
[    84.500] (II) modeset(0): 800x600@60Hz
[    84.500] (II) modeset(0): 800x600@72Hz
[    84.500] (II) modeset(0): 800x600@75Hz
[    84.500] (II) modeset(0): 832x624@75Hz
[    84.500] (II) modeset(0): 1024x768@60Hz
[    84.500] (II) modeset(0): 1024x768@70Hz
[    84.500] (II) modeset(0): 1024x768@75Hz
[    84.500] (II) modeset(0): 1280x1024@75Hz
[    84.500] (II) modeset(0): Manufacturer's mask: 0
[    84.500] (II) modeset(0): Supported standard timings:
[    84.500] (II) modeset(0): #0: hsize: 1920  vsize 1080  refresh: 60  vid: 49361
[    84.500] (II) modeset(0): #1: hsize: 1680  vsize 1050  refresh: 60  vid: 179
[    84.500] (II) modeset(0): #2: hsize: 1440  vsize 900  refresh: 60  vid: 149
[    84.500] (II) modeset(0): #3: hsize: 1280  vsize 1024  refresh: 60  vid: 32897
[    84.500] (II) modeset(0): #4: hsize: 1280  vsize 960  refresh: 60  vid: 16513
[    84.500] (II) modeset(0): #5: hsize: 1280  vsize 720  refresh: 60  vid: 49281
[    84.500] (II) modeset(0): Supported detailed timing:
[    84.500] (II) modeset(0): clock: 148.5 MHz   Image Size:  521 x 293 mm
[    84.500] (II) modeset(0): h_active: 1920  h_sync: 2008  h_sync_end 2052 h_blank_end 2200 h_border: 0
[    84.500] (II) modeset(0): v_active: 1080  v_sync: 1084  v_sync_end 1089 v_blanking: 1125 v_border: 0
[    84.500] (II) modeset(0): Serial No: GMXK1XA001323
[    84.500] (II) modeset(0): Monitor name: 24B1W
[    84.500] (II) modeset(0): Ranges: V min: 50 V max: 76 Hz, H min: 30 H max: 83 kHz, PixClock max 175 MHz
[    84.500] (II) modeset(0): Supported detailed timing:
[    84.500] (II) modeset(0): clock: 27.0 MHz   Image Size:  521 x 293 mm
[    84.500] (II) modeset(0): h_active: 720  h_sync: 736  h_sync_end 798 h_blank_end 858 h_border: 0
[    84.500] (II) modeset(0): v_active: 480  v_sync: 489  v_sync_end 495 v_blanking: 525 v_border: 0
[    84.500] (II) modeset(0): Supported detailed timing:
[    84.500] (II) modeset(0): clock: 74.2 MHz   Image Size:  521 x 293 mm
[    84.500] (II) modeset(0): h_active: 1280  h_sync: 1390  h_sync_end 1430 h_blank_end 1650 h_border: 0
[    84.500] (II) modeset(0): v_active: 720  v_sync: 725  v_sync_end 730 v_blanking: 750 v_border: 0
[    84.500] (II) modeset(0): Supported detailed timing:
[    84.500] (II) modeset(0): clock: 27.0 MHz   Image Size:  521 x 293 mm
[    84.500] (II) modeset(0): h_active: 720  h_sync: 736  h_sync_end 798 h_blank_end 858 h_border: 0
[    84.500] (II) modeset(0): v_active: 480  v_sync: 489  v_sync_end 495 v_blanking: 525 v_border: 0
[    84.500] (II) modeset(0): Supported detailed timing:
[    84.500] (II) modeset(0): clock: 27.0 MHz   Image Size:  521 x 293 mm
[    84.500] (II) modeset(0): h_active: 720  h_sync: 732  h_sync_end 796 h_blank_end 864 h_border: 0
[    84.500] (II) modeset(0): v_active: 576  v_sync: 581  v_sync_end 586 v_blanking: 625 v_border: 0
[    84.500] (II) modeset(0): Number of EDID sections to follow: 1
[    84.500] (II) modeset(0): EDID (in hex):
[    84.500] (II) modeset(0): 	00ffffffffffff0005e301242b050000
[    84.500] (II) modeset(0): 	021e010380341d782a9b15a655519d26
[    84.500] (II) modeset(0): 	0d5054bfef00d1c0b300950081808140
[    84.500] (II) modeset(0): 	81c001010101023a801871382d40582c
[    84.500] (II) modeset(0): 	450009252100001e000000ff00474d58
[    84.500] (II) modeset(0): 	4b315841303031333233000000fc0032
[    84.500] (II) modeset(0): 	344231570a20202020202020000000fd
[    84.500] (II) modeset(0): 	00324c1e5311000a202020202020010d
[    84.500] (II) modeset(0): 	02031ef14b101f051404130312021101
[    84.500] (II) modeset(0): 	230907078301000065030c0010008c0a
[    84.500] (II) modeset(0): 	d08a20e02d10103e9600092521000018
[    84.500] (II) modeset(0): 	011d007251d01e206e28550009252100
[    84.500] (II) modeset(0): 	001e8c0ad08a20e02d10103e96000925
[    84.500] (II) modeset(0): 	210000188c0ad090204031200c405500
[    84.500] (II) modeset(0): 	09252100001800000000000000000000
[    84.500] (II) modeset(0): 	000000000000000000000000000000f1
[    84.500] (II) modeset(0): Printing probed modes for output HDMI-1
[    84.500] (II) modeset(0): Modeline "1920x1080"x60.0  148.50  1920 2008 2052 2200  1080 1084 1089 1125 +hsync +vsync (67.5 kHz eP)
[    84.500] (II) modeset(0): Modeline "1920x1080"x50.0  148.50  1920 2448 2492 2640  1080 1084 1089 1125 +hsync +vsync (56.2 kHz e)
[    84.500] (II) modeset(0): Modeline "1920x1080"x59.9  148.35  1920 2008 2052 2200  1080 1084 1089 1125 +hsync +vsync (67.4 kHz e)
[    84.500] (II) modeset(0): Modeline "1920x1080i"x60.0   74.25  1920 2008 2052 2200  1080 1084 1094 1125 interlace +hsync +vsync (33.8 kHz e)
[    84.500] (II) modeset(0): Modeline "1920x1080i"x50.0   74.25  1920 2448 2492 2640  1080 1084 1094 1125 interlace +hsync +vsync (28.1 kHz e)
[    84.501] (II) modeset(0): Modeline "1920x1080i"x59.9   74.18  1920 2008 2052 2200  1080 1084 1094 1125 interlace +hsync +vsync (33.7 kHz e)
[    84.501] (II) modeset(0): Modeline "1680x1050"x59.9  119.00  1680 1728 1760 1840  1050 1053 1059 1080 +hsync -vsync (64.7 kHz e)
[    84.501] (II) modeset(0): Modeline "1280x1024"x75.0  135.00  1280 1296 1440 1688  1024 1025 1028 1066 +hsync +vsync (80.0 kHz e)
[    84.501] (II) modeset(0): Modeline "1280x1024"x60.0  108.00  1280 1328 1440 1688  1024 1025 1028 1066 +hsync +vsync (64.0 kHz e)
[    84.501] (II) modeset(0): Modeline "1440x900"x59.9   88.75  1440 1488 1520 1600  900 903 909 926 +hsync -vsync (55.5 kHz e)
[    84.501] (II) modeset(0): Modeline "1280x960"x60.0  108.00  1280 1376 1488 1800  960 961 964 1000 +hsync +vsync (60.0 kHz e)
[    84.501] (II) modeset(0): Modeline "1280x720"x60.0   74.25  1280 1390 1430 1650  720 725 730 750 +hsync +vsync (45.0 kHz e)
[    84.501] (II) modeset(0): Modeline "1280x720"x50.0   74.25  1280 1720 1760 1980  720 725 730 750 +hsync +vsync (37.5 kHz e)
[    84.501] (II) modeset(0): Modeline "1280x720"x59.9   74.18  1280 1390 1430 1650  720 725 730 750 +hsync +vsync (45.0 kHz e)
[    84.501] (II) modeset(0): Modeline "1024x768"x75.0   78.75  1024 1040 1136 1312  768 769 772 800 +hsync +vsync (60.0 kHz e)
[    84.501] (II) modeset(0): Modeline "1024x768"x70.1   75.00  1024 1048 1184 1328  768 771 777 806 -hsync -vsync (56.5 kHz e)
[    84.501] (II) modeset(0): Modeline "1024x768"x60.0   65.00  1024 1048 1184 1344  768 771 777 806 -hsync -vsync (48.4 kHz e)
[    84.501] (II) modeset(0): Modeline "832x624"x74.6   57.28  832 864 928 1152  624 625 628 667 -hsync -vsync (49.7 kHz e)
[    84.501] (II) modeset(0): Modeline "800x600"x72.2   50.00  800 856 976 1040  600 637 643 666 +hsync +vsync (48.1 kHz e)
[    84.501] (II) modeset(0): Modeline "800x600"x75.0   49.50  800 816 896 1056  600 601 604 625 +hsync +vsync (46.9 kHz e)
[    84.501] (II) modeset(0): Modeline "800x600"x60.3   40.00  800 840 968 1056  600 601 605 628 +hsync +vsync (37.9 kHz e)
[    84.501] (II) modeset(0): Modeline "800x600"x56.2   36.00  800 824 896 1024  600 601 603 625 +hsync +vsync (35.2 kHz e)
[    84.501] (II) modeset(0): Modeline "720x576"x50.0   27.00  720 732 796 864  576 581 586 625 -hsync -vsync (31.2 kHz e)
[    84.501] (II) modeset(0): Modeline "720x480"x60.0   27.03  720 736 798 858  480 489 495 525 -hsync -vsync (31.5 kHz e)
[    84.501] (II) modeset(0): Modeline "720x480"x59.9   27.00  720 736 798 858  480 489 495 525 -hsync -vsync (31.5 kHz e)
[    84.501] (II) modeset(0): Modeline "640x480"x75.0   31.50  640 656 720 840  480 481 484 500 -hsync -vsync (37.5 kHz e)
[    84.501] (II) modeset(0): Modeline "640x480"x72.8   31.50  640 664 704 832  480 489 492 520 -hsync -vsync (37.9 kHz e)
[    84.501] (II) modeset(0): Modeline "640x480"x66.7   30.24  640 704 768 864  480 483 486 525 -hsync -vsync (35.0 kHz e)
[    84.501] (II) modeset(0): Modeline "640x480"x60.0   25.20  640 656 752 800  480 490 492 525 -hsync -vsync (31.5 kHz e)
[    84.501] (II) modeset(0): Modeline "640x480"x59.9   25.18  640 656 752 800  480 490 492 525 -hsync -vsync (31.5 kHz e)
[    84.501] (II) modeset(0): Modeline "720x400"x70.1   28.32  720 738 846 900  400 412 414 449 -hsync +vsync (31.5 kHz e)
[    84.501] (II) modeset(0): EDID for output DP-1
[    84.613] (II) modeset(0): EDID for output HDMI-2
[    84.613] (II) modeset(0): Output eDP-1 connected
[    84.613] (II) modeset(0): Output HDMI-1 connected
[    84.613] (II) modeset(0): Output DP-1 disconnected
[    84.613] (II) modeset(0): Output HDMI-2 disconnected
[    84.613] (II) modeset(0): Using spanning desktop for initial modes
[    84.613] (II) modeset(0): Output eDP-1 using initial mode 1366x768 +0+0
[    84.613] (II) modeset(0): Output HDMI-1 using initial mode 1920x1080 +1366+0
[    84.613] (==) modeset(0): Using gamma correction (1.0, 1.0, 1.0)
[    84.613] (==) modeset(0): DPI set to (96, 96)
[    84.613] (II) Loading sub module "fb"
[    84.613] (II) LoadModule: "fb"
[    84.613] (II) Loading /usr/lib/xorg/modules/libfb.so
[    84.614] (II) Module fb: vendor="X.Org Foundation"
[    84.614] 	compiled for 1.20.8, module version = 1.0.0
[    84.614] 	ABI class: X.Org ANSI C Emulation, version 0.4
[    84.614] (II) UnloadModule: "fbdev"
[    84.614] (II) Unloading fbdev
[    84.614] (II) UnloadSubModule: "fbdevhw"
[    84.614] (II) Unloading fbdevhw
[    84.614] (II) UnloadModule: "vesa"
[    84.614] (II) Unloading vesa
[    84.628] (==) modeset(0): Backing store enabled
[    84.628] (==) modeset(0): Silken mouse enabled
[    84.831] (II) modeset(0): Initializing kms color map for depth 24, 8 bpc.
[    84.831] (==) modeset(0): DPMS enabled
[    84.831] (II) modeset(0): [DRI2] Setup complete
[    84.831] (II) modeset(0): [DRI2]   DRI driver: iris
[    84.831] (II) modeset(0): [DRI2]   VDPAU driver: va_gl
[    84.831] (II) Initializing extension Generic Event Extension
[    84.832] (II) Initializing extension SHAPE
[    84.832] (II) Initializing extension MIT-SHM
[    84.832] (II) Initializing extension XInputExtension
[    84.833] (II) Initializing extension XTEST
[    84.833] (II) Initializing extension BIG-REQUESTS
[    84.833] (II) Initializing extension SYNC
[    84.834] (II) Initializing extension XKEYBOARD
[    84.834] (II) Initializing extension XC-MISC
[    84.834] (II) Initializing extension SECURITY
[    84.834] (II) Initializing extension XFIXES
[    84.834] (II) Initializing extension RENDER
[    84.835] (II) Initializing extension RANDR
[    84.835] (II) Initializing extension COMPOSITE
[    84.835] (II) Initializing extension DAMAGE
[    84.835] (II) Initializing extension MIT-SCREEN-SAVER
[    84.835] (II) Initializing extension DOUBLE-BUFFER
[    84.836] (II) Initializing extension RECORD
[    84.836] (II) Initializing extension DPMS
[    84.836] (II) Initializing extension Present
[    84.836] (II) Initializing extension DRI3
[    84.836] (II) Initializing extension X-Resource
[    84.837] (II) Initializing extension XVideo
[    84.837] (II) Initializing extension XVideo-MotionCompensation
[    84.837] (II) Initializing extension SELinux
[    84.837] (II) SELinux: Disabled on system
[    84.837] (II) Initializing extension GLX
[    84.847] (II) AIGLX: Loaded and initialized iris
[    84.847] (II) GLX: Initialized DRI2 GL provider for screen 0
[    84.847] (II) Initializing extension XFree86-VidModeExtension
[    84.847] (II) Initializing extension XFree86-DGA
[    84.847] (II) Initializing extension XFree86-DRI
[    84.847] (II) Initializing extension DRI2
[    84.849] (II) modeset(0): Damage tracking initialized
[    84.849] (II) modeset(0): Setting screen physical size to 869 x 285
[    84.893] (II) config/udev: Adding input device Power Button (/dev/input/event3)
[    84.893] (**) Power Button: Applying InputClass "libinput keyboard catchall"
[    84.893] (II) LoadModule: "libinput"
[    84.893] (II) Loading /usr/lib/xorg/modules/input/libinput_drv.so
[    84.895] (II) Module libinput: vendor="X.Org Foundation"
[    84.895] 	compiled for 1.20.4, module version = 0.29.0
[    84.895] 	Module class: X.Org XInput Driver
[    84.895] 	ABI class: X.Org XInput driver, version 24.1
[    84.895] (II) Using input driver 'libinput' for 'Power Button'
[    84.896] (II) systemd-logind: got fd for /dev/input/event3 13:67 fd 26 paused 0
[    84.896] (**) Power Button: always reports core events
[    84.896] (**) Option "Device" "/dev/input/event3"
[    84.896] (**) Option "_source" "server/udev"
[    84.897] (II) event3  - Power Button: is tagged by udev as: Keyboard
[    84.897] (II) event3  - Power Button: device is a keyboard
[    84.897] (II) event3  - Power Button: device removed
[    84.897] (**) Option "config_info" "udev:/sys/devices/LNXSYSTM:00/LNXPWRBN:00/input/input3/event3"
[    84.897] (II) XINPUT: Adding extended input device "Power Button" (type: KEYBOARD, id 6)
[    84.897] (**) Option "xkb_model" "pc105"
[    84.897] (**) Option "xkb_layout" "br"
[    84.911] (II) event3  - Power Button: is tagged by udev as: Keyboard
[    84.911] (II) event3  - Power Button: device is a keyboard
[    84.912] (II) config/udev: Adding input device Video Bus (/dev/input/event13)
[    84.912] (**) Video Bus: Applying InputClass "libinput keyboard catchall"
[    84.912] (II) Using input driver 'libinput' for 'Video Bus'
[    84.912] (II) systemd-logind: got fd for /dev/input/event13 13:77 fd 29 paused 0
[    84.912] (**) Video Bus: always reports core events
[    84.912] (**) Option "Device" "/dev/input/event13"
[    84.912] (**) Option "_source" "server/udev"
[    84.913] (II) event13 - Video Bus: is tagged by udev as: Keyboard
[    84.913] (II) event13 - Video Bus: device is a keyboard
[    84.913] (II) event13 - Video Bus: device removed
[    84.913] (**) Option "config_info" "udev:/sys/devices/LNXSYSTM:00/LNXSYBUS:00/PNP0A08:00/LNXVIDEO:00/input/input35/event13"
[    84.913] (II) XINPUT: Adding extended input device "Video Bus" (type: KEYBOARD, id 7)
[    84.913] (**) Option "xkb_model" "pc105"
[    84.913] (**) Option "xkb_layout" "br"
[    84.914] (II) event13 - Video Bus: is tagged by udev as: Keyboard
[    84.914] (II) event13 - Video Bus: device is a keyboard
[    84.915] (II) config/udev: Adding input device Power Button (/dev/input/event1)
[    84.915] (**) Power Button: Applying InputClass "libinput keyboard catchall"
[    84.915] (II) Using input driver 'libinput' for 'Power Button'
[    84.916] (II) systemd-logind: got fd for /dev/input/event1 13:65 fd 30 paused 0
[    84.916] (**) Power Button: always reports core events
[    84.916] (**) Option "Device" "/dev/input/event1"
[    84.916] (**) Option "_source" "server/udev"
[    84.917] (II) event1  - Power Button: is tagged by udev as: Keyboard
[    84.917] (II) event1  - Power Button: device is a keyboard
[    84.917] (II) event1  - Power Button: device removed
[    84.917] (**) Option "config_info" "udev:/sys/devices/LNXSYSTM:00/LNXSYBUS:00/PNP0C0C:00/input/input1/event1"
[    84.917] (II) XINPUT: Adding extended input device "Power Button" (type: KEYBOARD, id 8)
[    84.917] (**) Option "xkb_model" "pc105"
[    84.917] (**) Option "xkb_layout" "br"
[    84.918] (II) event1  - Power Button: is tagged by udev as: Keyboard
[    84.918] (II) event1  - Power Button: device is a keyboard
[    84.919] (II) config/udev: Adding input device Lid Switch (/dev/input/event0)
[    84.919] (II) No input driver specified, ignoring this device.
[    84.919] (II) This device may have been added with another device file.
[    84.919] (II) config/udev: Adding input device Sleep Button (/dev/input/event2)
[    84.919] (**) Sleep Button: Applying InputClass "libinput keyboard catchall"
[    84.919] (II) Using input driver 'libinput' for 'Sleep Button'
[    84.920] (II) systemd-logind: got fd for /dev/input/event2 13:66 fd 31 paused 0
[    84.920] (**) Sleep Button: always reports core events
[    84.920] (**) Option "Device" "/dev/input/event2"
[    84.920] (**) Option "_source" "server/udev"
[    84.920] (II) event2  - Sleep Button: is tagged by udev as: Keyboard
[    84.920] (II) event2  - Sleep Button: device is a keyboard
[    84.920] (II) event2  - Sleep Button: device removed
[    84.920] (**) Option "config_info" "udev:/sys/devices/LNXSYSTM:00/LNXSYBUS:00/PNP0C0E:00/input/input2/event2"
[    84.920] (II) XINPUT: Adding extended input device "Sleep Button" (type: KEYBOARD, id 9)
[    84.920] (**) Option "xkb_model" "pc105"
[    84.920] (**) Option "xkb_layout" "br"
[    84.921] (II) event2  - Sleep Button: is tagged by udev as: Keyboard
[    84.921] (II) event2  - Sleep Button: device is a keyboard
[    84.922] (II) config/udev: Adding input device Logitech Wireless Keyboard PID:4023 (/dev/input/event7)
[    84.922] (**) Logitech Wireless Keyboard PID:4023: Applying InputClass "libinput keyboard catchall"
[    84.922] (II) Using input driver 'libinput' for 'Logitech Wireless Keyboard PID:4023'
[    84.923] (II) systemd-logind: got fd for /dev/input/event7 13:71 fd 32 paused 0
[    84.923] (**) Logitech Wireless Keyboard PID:4023: always reports core events
[    84.923] (**) Option "Device" "/dev/input/event7"
[    84.923] (**) Option "_source" "server/udev"
[    84.924] (II) event7  - Logitech Wireless Keyboard PID:4023: is tagged by udev as: Keyboard
[    84.924] (II) event7  - Logitech Wireless Keyboard PID:4023: device is a keyboard
[    84.924] (II) event7  - Logitech Wireless Keyboard PID:4023: device removed
[    84.924] (II) libinput: Logitech Wireless Keyboard PID:4023: needs a virtual subdevice
[    84.924] (**) Option "config_info" "udev:/sys/devices/pci0000:00/0000:00:14.0/usb1/1-3/1-3:1.1/0003:046D:C534.0003/0003:046D:4023.0004/input/input27/event7"
[    84.924] (II) XINPUT: Adding extended input device "Logitech Wireless Keyboard PID:4023" (type: MOUSE, id 10)
[    84.924] (**) Option "AccelerationScheme" "none"
[    84.924] (**) Logitech Wireless Keyboard PID:4023: (accel) selected scheme none/0
[    84.924] (**) Logitech Wireless Keyboard PID:4023: (accel) acceleration factor: 2.000
[    84.924] (**) Logitech Wireless Keyboard PID:4023: (accel) acceleration threshold: 4
[    84.926] (II) event7  - Logitech Wireless Keyboard PID:4023: is tagged by udev as: Keyboard
[    84.926] (II) event7  - Logitech Wireless Keyboard PID:4023: device is a keyboard
[    84.926] (II) config/udev: Adding input device Logitech Wireless Mouse (/dev/input/event8)
[    84.926] (**) Logitech Wireless Mouse: Applying InputClass "libinput pointer catchall"
[    84.926] (II) Using input driver 'libinput' for 'Logitech Wireless Mouse'
[    84.927] (II) systemd-logind: got fd for /dev/input/event8 13:72 fd 33 paused 0
[    84.927] (**) Logitech Wireless Mouse: always reports core events
[    84.927] (**) Option "Device" "/dev/input/event8"
[    84.927] (**) Option "_source" "server/udev"
[    84.929] (II) event8  - Logitech Wireless Mouse: is tagged by udev as: Mouse
[    84.929] (II) event8  - Logitech Wireless Mouse: device is a pointer
[    84.929] (II) event8  - Logitech Wireless Mouse: device removed
[    84.929] (**) Option "config_info" "udev:/sys/devices/pci0000:00/0000:00:14.0/usb1/1-3/1-3:1.1/0003:046D:C534.0003/0003:046D:4054.0005/input/input28/event8"
[    84.929] (II) XINPUT: Adding extended input device "Logitech Wireless Mouse" (type: MOUSE, id 11)
[    84.929] (**) Option "AccelerationScheme" "none"
[    84.929] (**) Logitech Wireless Mouse: (accel) selected scheme none/0
[    84.929] (**) Logitech Wireless Mouse: (accel) acceleration factor: 2.000
[    84.929] (**) Logitech Wireless Mouse: (accel) acceleration threshold: 4
[    84.930] (II) event8  - Logitech Wireless Mouse: is tagged by udev as: Mouse
[    84.930] (II) event8  - Logitech Wireless Mouse: device is a pointer
[    84.931] (II) config/udev: Adding input device Logitech Wireless Mouse (/dev/input/mouse3)
[    84.931] (II) No input driver specified, ignoring this device.
[    84.931] (II) This device may have been added with another device file.
[    84.932] (II) config/udev: Adding input device Integrated_Webcam_HD: Integrate (/dev/input/event14)
[    84.932] (**) Integrated_Webcam_HD: Integrate: Applying InputClass "libinput keyboard catchall"
[    84.932] (II) Using input driver 'libinput' for 'Integrated_Webcam_HD: Integrate'
[    84.932] (II) systemd-logind: got fd for /dev/input/event14 13:78 fd 34 paused 0
[    84.932] (**) Integrated_Webcam_HD: Integrate: always reports core events
[    84.932] (**) Option "Device" "/dev/input/event14"
[    84.932] (**) Option "_source" "server/udev"
[    84.934] (II) event14 - Integrated_Webcam_HD: Integrate: is tagged by udev as: Keyboard
[    84.934] (II) event14 - Integrated_Webcam_HD: Integrate: device is a keyboard
[    84.934] (II) event14 - Integrated_Webcam_HD: Integrate: device removed
[    84.934] (**) Option "config_info" "udev:/sys/devices/pci0000:00/0000:00:14.0/usb1/1-5/1-5:1.0/input/input36/event14"
[    84.934] (II) XINPUT: Adding extended input device "Integrated_Webcam_HD: Integrate" (type: KEYBOARD, id 12)
[    84.934] (**) Option "xkb_model" "pc105"
[    84.934] (**) Option "xkb_layout" "br"
[    84.935] (II) event14 - Integrated_Webcam_HD: Integrate: is tagged by udev as: Keyboard
[    84.935] (II) event14 - Integrated_Webcam_HD: Integrate: device is a keyboard
[    84.936] (II) config/udev: Adding input device DELL08D1:00 04F3:30C4 Mouse (/dev/input/event6)
[    84.936] (**) DELL08D1:00 04F3:30C4 Mouse: Applying InputClass "libinput pointer catchall"
[    84.936] (II) Using input driver 'libinput' for 'DELL08D1:00 04F3:30C4 Mouse'
[    84.936] (II) systemd-logind: got fd for /dev/input/event6 13:70 fd 35 paused 0
[    84.936] (**) DELL08D1:00 04F3:30C4 Mouse: always reports core events
[    84.936] (**) Option "Device" "/dev/input/event6"
[    84.936] (**) Option "_source" "server/udev"
[    84.937] (II) event6  - DELL08D1:00 04F3:30C4 Mouse: is tagged by udev as: Mouse Pointingstick
[    84.938] (II) event6  - DELL08D1:00 04F3:30C4 Mouse: device is a pointer
[    84.938] (II) event6  - DELL08D1:00 04F3:30C4 Mouse: device removed
[    84.938] (**) Option "config_info" "udev:/sys/devices/pci0000:00/0000:00:15.0/i2c_designware.0/i2c-1/i2c-DELL08D1:00/0018:04F3:30C4.0001/input/input32/event6"
[    84.938] (II) XINPUT: Adding extended input device "DELL08D1:00 04F3:30C4 Mouse" (type: MOUSE, id 13)
[    84.938] (**) Option "AccelerationScheme" "none"
[    84.938] (**) DELL08D1:00 04F3:30C4 Mouse: (accel) selected scheme none/0
[    84.938] (**) DELL08D1:00 04F3:30C4 Mouse: (accel) acceleration factor: 2.000
[    84.938] (**) DELL08D1:00 04F3:30C4 Mouse: (accel) acceleration threshold: 4
[    84.939] (II) event6  - DELL08D1:00 04F3:30C4 Mouse: is tagged by udev as: Mouse Pointingstick
[    84.940] (II) event6  - DELL08D1:00 04F3:30C4 Mouse: device is a pointer
[    84.941] (II) config/udev: Adding input device DELL08D1:00 04F3:30C4 Mouse (/dev/input/mouse0)
[    84.941] (II) No input driver specified, ignoring this device.
[    84.941] (II) This device may have been added with another device file.
[    84.941] (II) config/udev: Adding input device DELL08D1:00 04F3:30C4 Touchpad (/dev/input/event12)
[    84.941] (**) DELL08D1:00 04F3:30C4 Touchpad: Applying InputClass "libinput touchpad catchall"
[    84.941] (II) Using input driver 'libinput' for 'DELL08D1:00 04F3:30C4 Touchpad'
[    84.942] (II) systemd-logind: got fd for /dev/input/event12 13:76 fd 36 paused 0
[    84.942] (**) DELL08D1:00 04F3:30C4 Touchpad: always reports core events
[    84.942] (**) Option "Device" "/dev/input/event12"
[    84.942] (**) Option "_source" "server/udev"
[    84.943] (II) event12 - DELL08D1:00 04F3:30C4 Touchpad: is tagged by udev as: Touchpad
[    84.944] (II) event12 - DELL08D1:00 04F3:30C4 Touchpad: device is a touchpad
[    84.944] (II) event12 - DELL08D1:00 04F3:30C4 Touchpad: device removed
[    84.944] (**) Option "config_info" "udev:/sys/devices/pci0000:00/0000:00:15.0/i2c_designware.0/i2c-1/i2c-DELL08D1:00/0018:04F3:30C4.0001/input/input33/event12"
[    84.944] (II) XINPUT: Adding extended input device "DELL08D1:00 04F3:30C4 Touchpad" (type: TOUCHPAD, id 14)
[    84.945] (**) Option "AccelerationScheme" "none"
[    84.945] (**) DELL08D1:00 04F3:30C4 Touchpad: (accel) selected scheme none/0
[    84.945] (**) DELL08D1:00 04F3:30C4 Touchpad: (accel) acceleration factor: 2.000
[    84.945] (**) DELL08D1:00 04F3:30C4 Touchpad: (accel) acceleration threshold: 4
[    84.947] (II) event12 - DELL08D1:00 04F3:30C4 Touchpad: is tagged by udev as: Touchpad
[    84.948] (II) event12 - DELL08D1:00 04F3:30C4 Touchpad: device is a touchpad
[    84.949] (II) config/udev: Adding input device DELL08D1:00 04F3:30C4 Touchpad (/dev/input/mouse1)
[    84.949] (II) No input driver specified, ignoring this device.
[    84.949] (II) This device may have been added with another device file.
[    84.950] (II) config/udev: Adding input device HDA Intel PCH Headphone Mic (/dev/input/event15)
[    84.950] (II) No input driver specified, ignoring this device.
[    84.950] (II) This device may have been added with another device file.
[    84.950] (II) config/udev: Adding input device HDA Intel PCH HDMI/DP,pcm=3 (/dev/input/event16)
[    84.950] (II) No input driver specified, ignoring this device.
[    84.950] (II) This device may have been added with another device file.
[    84.950] (II) config/udev: Adding input device HDA Intel PCH HDMI/DP,pcm=7 (/dev/input/event17)
[    84.950] (II) No input driver specified, ignoring this device.
[    84.950] (II) This device may have been added with another device file.
[    84.951] (II) config/udev: Adding input device HDA Intel PCH HDMI/DP,pcm=8 (/dev/input/event18)
[    84.951] (II) No input driver specified, ignoring this device.
[    84.951] (II) This device may have been added with another device file.
[    84.951] (II) config/udev: Adding input device HDA Intel PCH HDMI/DP,pcm=9 (/dev/input/event19)
[    84.951] (II) No input driver specified, ignoring this device.
[    84.951] (II) This device may have been added with another device file.
[    84.951] (II) config/udev: Adding input device HDA Intel PCH HDMI/DP,pcm=10 (/dev/input/event20)
[    84.951] (II) No input driver specified, ignoring this device.
[    84.951] (II) This device may have been added with another device file.
[    84.952] (II) config/udev: Adding input device Intel HID events (/dev/input/event9)
[    84.952] (**) Intel HID events: Applying InputClass "libinput keyboard catchall"
[    84.952] (II) Using input driver 'libinput' for 'Intel HID events'
[    84.953] (II) systemd-logind: got fd for /dev/input/event9 13:73 fd 37 paused 0
[    84.953] (**) Intel HID events: always reports core events
[    84.953] (**) Option "Device" "/dev/input/event9"
[    84.953] (**) Option "_source" "server/udev"
[    84.953] (II) event9  - Intel HID events: is tagged by udev as: Keyboard
[    84.953] (II) event9  - Intel HID events: device is a keyboard
[    84.954] (II) event9  - Intel HID events: device removed
[    84.954] (**) Option "config_info" "udev:/sys/devices/platform/INT33D5:00/input/input29/event9"
[    84.954] (II) XINPUT: Adding extended input device "Intel HID events" (type: KEYBOARD, id 15)
[    84.954] (**) Option "xkb_model" "pc105"
[    84.954] (**) Option "xkb_layout" "br"
[    84.955] (II) event9  - Intel HID events: is tagged by udev as: Keyboard
[    84.955] (II) event9  - Intel HID events: device is a keyboard
[    84.955] (II) config/udev: Adding input device Intel HID 5 button array (/dev/input/event11)
[    84.955] (**) Intel HID 5 button array: Applying InputClass "libinput keyboard catchall"
[    84.955] (II) Using input driver 'libinput' for 'Intel HID 5 button array'
[    84.956] (II) systemd-logind: got fd for /dev/input/event11 13:75 fd 38 paused 0
[    84.956] (**) Intel HID 5 button array: always reports core events
[    84.956] (**) Option "Device" "/dev/input/event11"
[    84.956] (**) Option "_source" "server/udev"
[    84.956] (II) event11 - Intel HID 5 button array: is tagged by udev as: Keyboard
[    84.956] (II) event11 - Intel HID 5 button array: device is a keyboard
[    84.957] (II) event11 - Intel HID 5 button array: device removed
[    84.957] (**) Option "config_info" "udev:/sys/devices/platform/INT33D5:00/input/input30/event11"
[    84.957] (II) XINPUT: Adding extended input device "Intel HID 5 button array" (type: KEYBOARD, id 16)
[    84.957] (**) Option "xkb_model" "pc105"
[    84.957] (**) Option "xkb_layout" "br"
[    84.957] (II) event11 - Intel HID 5 button array: is tagged by udev as: Keyboard
[    84.957] (II) event11 - Intel HID 5 button array: device is a keyboard
[    84.958] (II) config/udev: Adding input device Dell WMI hotkeys (/dev/input/event5)
[    84.958] (**) Dell WMI hotkeys: Applying InputClass "libinput keyboard catchall"
[    84.958] (II) Using input driver 'libinput' for 'Dell WMI hotkeys'
[    84.959] (II) systemd-logind: got fd for /dev/input/event5 13:69 fd 39 paused 0
[    84.959] (**) Dell WMI hotkeys: always reports core events
[    84.959] (**) Option "Device" "/dev/input/event5"
[    84.959] (**) Option "_source" "server/udev"
[    84.960] (II) event5  - Dell WMI hotkeys: is tagged by udev as: Keyboard
[    84.960] (II) event5  - Dell WMI hotkeys: device is a keyboard
[    84.960] (II) event5  - Dell WMI hotkeys: device removed
[    84.960] (**) Option "config_info" "udev:/sys/devices/platform/PNP0C14:00/wmi_bus/wmi_bus-PNP0C14:00/9DBB5994-A997-11DA-B012-B622A1EF5492/input/input31/event5"
[    84.960] (II) XINPUT: Adding extended input device "Dell WMI hotkeys" (type: KEYBOARD, id 17)
[    84.960] (**) Option "xkb_model" "pc105"
[    84.960] (**) Option "xkb_layout" "br"
[    84.961] (II) event5  - Dell WMI hotkeys: is tagged by udev as: Keyboard
[    84.962] (II) event5  - Dell WMI hotkeys: device is a keyboard
[    84.962] (II) config/udev: Adding input device AT Translated Set 2 keyboard (/dev/input/event4)
[    84.962] (**) AT Translated Set 2 keyboard: Applying InputClass "libinput keyboard catchall"
[    84.962] (II) Using input driver 'libinput' for 'AT Translated Set 2 keyboard'
[    84.963] (II) systemd-logind: got fd for /dev/input/event4 13:68 fd 40 paused 0
[    84.963] (**) AT Translated Set 2 keyboard: always reports core events
[    84.963] (**) Option "Device" "/dev/input/event4"
[    84.963] (**) Option "_source" "server/udev"
[    84.964] (II) event4  - AT Translated Set 2 keyboard: is tagged by udev as: Keyboard
[    84.964] (II) event4  - AT Translated Set 2 keyboard: device is a keyboard
[    84.965] (II) event4  - AT Translated Set 2 keyboard: device removed
[    84.965] (**) Option "config_info" "udev:/sys/devices/platform/i8042/serio0/input/input4/event4"
[    84.965] (II) XINPUT: Adding extended input device "AT Translated Set 2 keyboard" (type: KEYBOARD, id 18)
[    84.965] (**) Option "xkb_model" "pc105"
[    84.965] (**) Option "xkb_layout" "br"
[    84.966] (II) event4  - AT Translated Set 2 keyboard: is tagged by udev as: Keyboard
[    84.966] (II) event4  - AT Translated Set 2 keyboard: device is a keyboard
[    84.967] (II) config/udev: Adding input device ImPS/2 Logitech Wheel Mouse (/dev/input/event10)
[    84.967] (**) ImPS/2 Logitech Wheel Mouse: Applying InputClass "libinput pointer catchall"
[    84.967] (II) Using input driver 'libinput' for 'ImPS/2 Logitech Wheel Mouse'
[    84.967] (II) systemd-logind: got fd for /dev/input/event10 13:74 fd 41 paused 0
[    84.967] (**) ImPS/2 Logitech Wheel Mouse: always reports core events
[    84.967] (**) Option "Device" "/dev/input/event10"
[    84.967] (**) Option "_source" "server/udev"
[    84.968] (II) event10 - ImPS/2 Logitech Wheel Mouse: is tagged by udev as: Mouse
[    84.968] (II) event10 - ImPS/2 Logitech Wheel Mouse: device set to 400 DPI
[    84.968] (II) event10 - ImPS/2 Logitech Wheel Mouse: device is a pointer
[    84.969] (II) event10 - ImPS/2 Logitech Wheel Mouse: device removed
[    84.969] (**) Option "config_info" "udev:/sys/devices/platform/i8042/serio1/input/input6/event10"
[    84.969] (II) XINPUT: Adding extended input device "ImPS/2 Logitech Wheel Mouse" (type: MOUSE, id 19)
[    84.969] (**) Option "AccelerationScheme" "none"
[    84.969] (**) ImPS/2 Logitech Wheel Mouse: (accel) selected scheme none/0
[    84.969] (**) ImPS/2 Logitech Wheel Mouse: (accel) acceleration factor: 2.000
[    84.969] (**) ImPS/2 Logitech Wheel Mouse: (accel) acceleration threshold: 4
[    84.970] (II) event10 - ImPS/2 Logitech Wheel Mouse: is tagged by udev as: Mouse
[    84.970] (II) event10 - ImPS/2 Logitech Wheel Mouse: device set to 400 DPI
[    84.970] (II) event10 - ImPS/2 Logitech Wheel Mouse: device is a pointer
[    84.970] (II) config/udev: Adding input device ImPS/2 Logitech Wheel Mouse (/dev/input/mouse2)
[    84.970] (II) No input driver specified, ignoring this device.
[    84.970] (II) This device may have been added with another device file.
[    84.998] (**) Logitech Wireless Keyboard PID:4023: Applying InputClass "libinput keyboard catchall"
[    84.998] (II) Using input driver 'libinput' for 'Logitech Wireless Keyboard PID:4023'
[    84.998] (II) systemd-logind: returning pre-existing fd for /dev/input/event7 13:71
[    84.998] (**) Logitech Wireless Keyboard PID:4023: always reports core events
[    84.998] (**) Option "Device" "/dev/input/event7"
[    84.998] (**) Option "_source" "_driver/libinput"
[    84.998] (II) libinput: Logitech Wireless Keyboard PID:4023: is a virtual subdevice
[    84.998] (**) Option "config_info" "udev:/sys/devices/pci0000:00/0000:00:14.0/usb1/1-3/1-3:1.1/0003:046D:C534.0003/0003:046D:4023.0004/input/input27/event7"
[    84.998] (II) XINPUT: Adding extended input device "Logitech Wireless Keyboard PID:4023" (type: KEYBOARD, id 20)
[    84.998] (**) Option "xkb_model" "pc105"
[    84.998] (**) Option "xkb_layout" "br"
[    85.596] (II) modeset(0): EDID vendor "BOE", prod id 2056
[    85.596] (II) modeset(0): Printing DDC gathered Modelines:
[    85.596] (II) modeset(0): Modeline "1366x768"x0.0   70.12  1366 1414 1446 1485  768 771 777 787 +hsync -vsync (47.2 kHz eP)
[    85.596] (II) modeset(0): Modeline "1366x768"x0.0   60.50  1366 1414 1446 1551  768 771 777 813 +hsync -vsync (39.0 kHz e)
[  2470.045] (II) modeset(0): Allocate new frame buffer 1920x1080 stride
[  2470.835] (II) modeset(0): EDID vendor "BOE", prod id 2056
[  2470.836] (II) modeset(0): Printing DDC gathered Modelines:
[  2470.836] (II) modeset(0): Modeline "1366x768"x0.0   70.12  1366 1414 1446 1485  768 771 777 787 +hsync -vsync (47.2 kHz eP)
[  2470.836] (II) modeset(0): Modeline "1366x768"x0.0   60.50  1366 1414 1446 1551  768 771 777 813 +hsync -vsync (39.0 kHz e)
[  5789.842] (II) modeset(0): Allocate new frame buffer 3286x1080 stride
[  5790.407] (II) modeset(0): EDID vendor "AOC", prod id 9217
[  5790.407] (II) modeset(0): Using hsync ranges from config file
[  5790.407] (II) modeset(0): Using vrefresh ranges from config file
[  5790.407] (II) modeset(0): Printing DDC gathered Modelines:
[  5790.407] (II) modeset(0): Modeline "1920x1080"x0.0  148.50  1920 2008 2052 2200  1080 1084 1089 1125 +hsync +vsync (67.5 kHz eP)
[  5790.407] (II) modeset(0): Modeline "720x480"x0.0   27.00  720 736 798 858  480 489 495 525 -hsync -vsync (31.5 kHz e)
[  5790.407] (II) modeset(0): Modeline "1280x720"x0.0   74.25  1280 1390 1430 1650  720 725 730 750 +hsync +vsync (45.0 kHz e)
[  5790.407] (II) modeset(0): Modeline "720x576"x0.0   27.00  720 732 796 864  576 581 586 625 -hsync -vsync (31.2 kHz e)
[  5790.407] (II) modeset(0): Modeline "1920x1080"x0.0  148.50  1920 2448 2492 2640  1080 1084 1089 1125 +hsync +vsync (56.2 kHz e)
[  5790.407] (II) modeset(0): Modeline "1920x1080i"x0.0   74.25  1920 2008 2052 2200  1080 1084 1094 1125 interlace +hsync +vsync (33.8 kHz e)
[  5790.407] (II) modeset(0): Modeline "1920x1080i"x0.0   74.25  1920 2448 2492 2640  1080 1084 1094 1125 interlace +hsync +vsync (28.1 kHz e)
[  5790.407] (II) modeset(0): Modeline "1280x720"x0.0   74.25  1280 1720 1760 1980  720 725 730 750 +hsync +vsync (37.5 kHz e)
[  5790.407] (II) modeset(0): Modeline "640x480"x0.0   25.18  640 656 752 800  480 490 492 525 -hsync -vsync (31.5 kHz e)
[  5790.407] (II) modeset(0): Modeline "800x600"x0.0   40.00  800 840 968 1056  600 601 605 628 +hsync +vsync (37.9 kHz e)
[  5790.407] (II) modeset(0): Modeline "800x600"x0.0   36.00  800 824 896 1024  600 601 603 625 +hsync +vsync (35.2 kHz e)
[  5790.407] (II) modeset(0): Modeline "640x480"x0.0   31.50  640 656 720 840  480 481 484 500 -hsync -vsync (37.5 kHz e)
[  5790.407] (II) modeset(0): Modeline "640x480"x0.0   31.50  640 664 704 832  480 489 492 520 -hsync -vsync (37.9 kHz e)
[  5790.407] (II) modeset(0): Modeline "640x480"x0.0   30.24  640 704 768 864  480 483 486 525 -hsync -vsync (35.0 kHz e)
[  5790.407] (II) modeset(0): Modeline "720x400"x0.0   28.32  720 738 846 900  400 412 414 449 -hsync +vsync (31.5 kHz e)
[  5790.408] (II) modeset(0): Modeline "1280x1024"x0.0  135.00  1280 1296 1440 1688  1024 1025 1028 1066 +hsync +vsync (80.0 kHz e)
[  5790.408] (II) modeset(0): Modeline "1024x768"x0.0   78.75  1024 1040 1136 1312  768 769 772 800 +hsync +vsync (60.0 kHz e)
[  5790.408] (II) modeset(0): Modeline "1024x768"x0.0   75.00  1024 1048 1184 1328  768 771 777 806 -hsync -vsync (56.5 kHz e)
[  5790.408] (II) modeset(0): Modeline "1024x768"x0.0   65.00  1024 1048 1184 1344  768 771 777 806 -hsync -vsync (48.4 kHz e)
[  5790.408] (II) modeset(0): Modeline "832x624"x0.0   57.28  832 864 928 1152  624 625 628 667 -hsync -vsync (49.7 kHz e)
[  5790.408] (II) modeset(0): Modeline "800x600"x0.0   49.50  800 816 896 1056  600 601 604 625 +hsync +vsync (46.9 kHz e)
[  5790.408] (II) modeset(0): Modeline "800x600"x0.0   50.00  800 856 976 1040  600 637 643 666 +hsync +vsync (48.1 kHz e)
[  5790.408] (II) modeset(0): Modeline "1680x1050"x0.0  119.00  1680 1728 1760 1840  1050 1053 1059 1080 +hsync -vsync (64.7 kHz e)
[  5790.408] (II) modeset(0): Modeline "1440x900"x0.0   88.75  1440 1488 1520 1600  900 903 909 926 +hsync -vsync (55.5 kHz e)
[  5790.408] (II) modeset(0): Modeline "1280x1024"x0.0  108.00  1280 1328 1440 1688  1024 1025 1028 1066 +hsync +vsync (64.0 kHz e)
[  5790.408] (II) modeset(0): Modeline "1280x960"x0.0  108.00  1280 1376 1488 1800  960 961 964 1000 +hsync +vsync (60.0 kHz e)
[  6467.639] (II) modeset(0): Allocate new frame buffer 1920x1080 stride
[  6468.436] (II) modeset(0): EDID vendor "BOE", prod id 2056
[  6468.436] (II) modeset(0): Printing DDC gathered Modelines:
[  6468.436] (II) modeset(0): Modeline "1366x768"x0.0   70.12  1366 1414 1446 1485  768 771 777 787 +hsync -vsync (47.2 kHz eP)
[  6468.436] (II) modeset(0): Modeline "1366x768"x0.0   60.50  1366 1414 1446 1551  768 771 777 813 +hsync -vsync (39.0 kHz e)
[ 26228.304] (**) Option "fd" "26"
[ 26228.304] (II) event3  - Power Button: device removed
[ 26228.305] (**) Option "fd" "29"
[ 26228.305] (II) event13 - Video Bus: device removed
[ 26228.305] (**) Option "fd" "30"
[ 26228.305] (II) event1  - Power Button: device removed
[ 26228.305] (**) Option "fd" "31"
[ 26228.305] (II) event2  - Sleep Button: device removed
[ 26228.305] (**) Option "fd" "32"
[ 26228.305] (**) Option "fd" "33"
[ 26228.305] (II) event8  - Logitech Wireless Mouse: device removed
[ 26228.306] (**) Option "fd" "34"
[ 26228.306] (II) event14 - Integrated_Webcam_HD: Integrate: device removed
[ 26228.306] (**) Option "fd" "35"
[ 26228.306] (II) event6  - DELL08D1:00 04F3:30C4 Mouse: device removed
[ 26228.306] (**) Option "fd" "36"
[ 26228.306] (II) event12 - DELL08D1:00 04F3:30C4 Touchpad: device removed
[ 26228.306] (**) Option "fd" "37"
[ 26228.306] (II) event9  - Intel HID events: device removed
[ 26228.308] (**) Option "fd" "38"
[ 26228.308] (II) event11 - Intel HID 5 button array: device removed
[ 26228.308] (**) Option "fd" "39"
[ 26228.308] (II) event5  - Dell WMI hotkeys: device removed
[ 26228.308] (**) Option "fd" "40"
[ 26228.308] (II) event4  - AT Translated Set 2 keyboard: device removed
[ 26228.309] (**) Option "fd" "41"
[ 26228.309] (II) event10 - ImPS/2 Logitech Wheel Mouse: device removed
[ 26228.309] (**) Option "fd" "32"
[ 26228.309] (II) event7  - Logitech Wireless Keyboard PID:4023: device removed
[ 26228.309] (II) AIGLX: Suspending AIGLX clients for VT switch
[ 26228.316] (II) systemd-logind: got pause for 13:67
[ 26228.316] (II) systemd-logind: got pause for 13:70
[ 26228.316] (II) systemd-logind: got pause for 13:75
[ 26228.317] (II) systemd-logind: got pause for 13:74
[ 26228.317] (II) systemd-logind: got pause for 13:71
[ 26228.317] (II) systemd-logind: got pause for 13:72
[ 26228.317] (II) systemd-logind: got pause for 226:0
[ 26228.317] (II) systemd-logind: got pause for 13:66
[ 26228.317] (II) systemd-logind: got pause for 13:76
[ 26228.317] (II) systemd-logind: got pause for 13:68
[ 26228.317] (II) systemd-logind: got pause for 13:77
[ 26228.317] (II) systemd-logind: got pause for 13:73
[ 26228.317] (II) systemd-logind: got pause for 13:78
[ 26228.317] (II) systemd-logind: got pause for 13:65
[ 26228.317] (II) systemd-logind: got pause for 13:69
[ 73721.976] (II) systemd-logind: got resume for 13:67
[ 73722.000] (II) systemd-logind: got resume for 13:70
[ 73722.019] (II) systemd-logind: got resume for 13:75
[ 73722.035] (II) systemd-logind: got resume for 13:74
[ 73722.052] (II) systemd-logind: got resume for 13:71
[ 73722.075] (II) systemd-logind: got resume for 13:72
[ 73722.075] (II) systemd-logind: got resume for 226:0
[ 73722.076] (II) AIGLX: Resuming AIGLX clients after VT switch
[ 73722.264] (II) modeset(0): EDID vendor "AOC", prod id 9217
[ 73722.264] (II) modeset(0): Using hsync ranges from config file
[ 73722.264] (II) modeset(0): Using vrefresh ranges from config file
[ 73722.264] (II) modeset(0): Printing DDC gathered Modelines:
[ 73722.265] (II) modeset(0): Modeline "1920x1080"x0.0  148.50  1920 2008 2052 2200  1080 1084 1089 1125 +hsync +vsync (67.5 kHz eP)
[ 73722.265] (II) modeset(0): Modeline "720x480"x0.0   27.00  720 736 798 858  480 489 495 525 -hsync -vsync (31.5 kHz e)
[ 73722.265] (II) modeset(0): Modeline "1280x720"x0.0   74.25  1280 1390 1430 1650  720 725 730 750 +hsync +vsync (45.0 kHz e)
[ 73722.265] (II) modeset(0): Modeline "720x576"x0.0   27.00  720 732 796 864  576 581 586 625 -hsync -vsync (31.2 kHz e)
[ 73722.265] (II) modeset(0): Modeline "1920x1080"x0.0  148.50  1920 2448 2492 2640  1080 1084 1089 1125 +hsync +vsync (56.2 kHz e)
[ 73722.265] (II) modeset(0): Modeline "1920x1080i"x0.0   74.25  1920 2008 2052 2200  1080 1084 1094 1125 interlace +hsync +vsync (33.8 kHz e)
[ 73722.265] (II) modeset(0): Modeline "1920x1080i"x0.0   74.25  1920 2448 2492 2640  1080 1084 1094 1125 interlace +hsync +vsync (28.1 kHz e)
[ 73722.265] (II) modeset(0): Modeline "1280x720"x0.0   74.25  1280 1720 1760 1980  720 725 730 750 +hsync +vsync (37.5 kHz e)
[ 73722.265] (II) modeset(0): Modeline "640x480"x0.0   25.18  640 656 752 800  480 490 492 525 -hsync -vsync (31.5 kHz e)
[ 73722.265] (II) modeset(0): Modeline "800x600"x0.0   40.00  800 840 968 1056  600 601 605 628 +hsync +vsync (37.9 kHz e)
[ 73722.265] (II) modeset(0): Modeline "800x600"x0.0   36.00  800 824 896 1024  600 601 603 625 +hsync +vsync (35.2 kHz e)
[ 73722.265] (II) modeset(0): Modeline "640x480"x0.0   31.50  640 656 720 840  480 481 484 500 -hsync -vsync (37.5 kHz e)
[ 73722.265] (II) modeset(0): Modeline "640x480"x0.0   31.50  640 664 704 832  480 489 492 520 -hsync -vsync (37.9 kHz e)
[ 73722.265] (II) modeset(0): Modeline "640x480"x0.0   30.24  640 704 768 864  480 483 486 525 -hsync -vsync (35.0 kHz e)
[ 73722.265] (II) modeset(0): Modeline "720x400"x0.0   28.32  720 738 846 900  400 412 414 449 -hsync +vsync (31.5 kHz e)
[ 73722.265] (II) modeset(0): Modeline "1280x1024"x0.0  135.00  1280 1296 1440 1688  1024 1025 1028 1066 +hsync +vsync (80.0 kHz e)
[ 73722.265] (II) modeset(0): Modeline "1024x768"x0.0   78.75  1024 1040 1136 1312  768 769 772 800 +hsync +vsync (60.0 kHz e)
[ 73722.265] (II) modeset(0): Modeline "1024x768"x0.0   75.00  1024 1048 1184 1328  768 771 777 806 -hsync -vsync (56.5 kHz e)
[ 73722.265] (II) modeset(0): Modeline "1024x768"x0.0   65.00  1024 1048 1184 1344  768 771 777 806 -hsync -vsync (48.4 kHz e)
[ 73722.265] (II) modeset(0): Modeline "832x624"x0.0   57.28  832 864 928 1152  624 625 628 667 -hsync -vsync (49.7 kHz e)
[ 73722.265] (II) modeset(0): Modeline "800x600"x0.0   49.50  800 816 896 1056  600 601 604 625 +hsync +vsync (46.9 kHz e)
[ 73722.265] (II) modeset(0): Modeline "800x600"x0.0   50.00  800 856 976 1040  600 637 643 666 +hsync +vsync (48.1 kHz e)
[ 73722.265] (II) modeset(0): Modeline "1680x1050"x0.0  119.00  1680 1728 1760 1840  1050 1053 1059 1080 +hsync -vsync (64.7 kHz e)
[ 73722.265] (II) modeset(0): Modeline "1440x900"x0.0   88.75  1440 1488 1520 1600  900 903 909 926 +hsync -vsync (55.5 kHz e)
[ 73722.265] (II) modeset(0): Modeline "1280x1024"x0.0  108.00  1280 1328 1440 1688  1024 1025 1028 1066 +hsync +vsync (64.0 kHz e)
[ 73722.265] (II) modeset(0): Modeline "1280x960"x0.0  108.00  1280 1376 1488 1800  960 961 964 1000 +hsync +vsync (60.0 kHz e)
[ 73723.504] (II) modeset(0): EDID vendor "AOC", prod id 9217
[ 73723.504] (II) modeset(0): Using hsync ranges from config file
[ 73723.504] (II) modeset(0): Using vrefresh ranges from config file
[ 73723.504] (II) modeset(0): Printing DDC gathered Modelines:
[ 73723.504] (II) modeset(0): Modeline "1920x1080"x0.0  148.50  1920 2008 2052 2200  1080 1084 1089 1125 +hsync +vsync (67.5 kHz eP)
[ 73723.504] (II) modeset(0): Modeline "720x480"x0.0   27.00  720 736 798 858  480 489 495 525 -hsync -vsync (31.5 kHz e)
[ 73723.504] (II) modeset(0): Modeline "1280x720"x0.0   74.25  1280 1390 1430 1650  720 725 730 750 +hsync +vsync (45.0 kHz e)
[ 73723.504] (II) modeset(0): Modeline "720x576"x0.0   27.00  720 732 796 864  576 581 586 625 -hsync -vsync (31.2 kHz e)
[ 73723.504] (II) modeset(0): Modeline "1920x1080"x0.0  148.50  1920 2448 2492 2640  1080 1084 1089 1125 +hsync +vsync (56.2 kHz e)
[ 73723.504] (II) modeset(0): Modeline "1920x1080i"x0.0   74.25  1920 2008 2052 2200  1080 1084 1094 1125 interlace +hsync +vsync (33.8 kHz e)
[ 73723.504] (II) modeset(0): Modeline "1920x1080i"x0.0   74.25  1920 2448 2492 2640  1080 1084 1094 1125 interlace +hsync +vsync (28.1 kHz e)
[ 73723.504] (II) modeset(0): Modeline "1280x720"x0.0   74.25  1280 1720 1760 1980  720 725 730 750 +hsync +vsync (37.5 kHz e)
[ 73723.504] (II) modeset(0): Modeline "640x480"x0.0   25.18  640 656 752 800  480 490 492 525 -hsync -vsync (31.5 kHz e)
[ 73723.504] (II) modeset(0): Modeline "800x600"x0.0   40.00  800 840 968 1056  600 601 605 628 +hsync +vsync (37.9 kHz e)
[ 73723.504] (II) modeset(0): Modeline "800x600"x0.0   36.00  800 824 896 1024  600 601 603 625 +hsync +vsync (35.2 kHz e)
[ 73723.504] (II) modeset(0): Modeline "640x480"x0.0   31.50  640 656 720 840  480 481 484 500 -hsync -vsync (37.5 kHz e)
[ 73723.504] (II) modeset(0): Modeline "640x480"x0.0   31.50  640 664 704 832  480 489 492 520 -hsync -vsync (37.9 kHz e)
[ 73723.504] (II) modeset(0): Modeline "640x480"x0.0   30.24  640 704 768 864  480 483 486 525 -hsync -vsync (35.0 kHz e)
[ 73723.504] (II) modeset(0): Modeline "720x400"x0.0   28.32  720 738 846 900  400 412 414 449 -hsync +vsync (31.5 kHz e)
[ 73723.504] (II) modeset(0): Modeline "1280x1024"x0.0  135.00  1280 1296 1440 1688  1024 1025 1028 1066 +hsync +vsync (80.0 kHz e)
[ 73723.504] (II) modeset(0): Modeline "1024x768"x0.0   78.75  1024 1040 1136 1312  768 769 772 800 +hsync +vsync (60.0 kHz e)
[ 73723.504] (II) modeset(0): Modeline "1024x768"x0.0   75.00  1024 1048 1184 1328  768 771 777 806 -hsync -vsync (56.5 kHz e)
[ 73723.505] (II) modeset(0): Modeline "1024x768"x0.0   65.00  1024 1048 1184 1344  768 771 777 806 -hsync -vsync (48.4 kHz e)
[ 73723.505] (II) modeset(0): Modeline "832x624"x0.0   57.28  832 864 928 1152  624 625 628 667 -hsync -vsync (49.7 kHz e)
[ 73723.505] (II) modeset(0): Modeline "800x600"x0.0   49.50  800 816 896 1056  600 601 604 625 +hsync +vsync (46.9 kHz e)
[ 73723.505] (II) modeset(0): Modeline "800x600"x0.0   50.00  800 856 976 1040  600 637 643 666 +hsync +vsync (48.1 kHz e)
[ 73723.505] (II) modeset(0): Modeline "1680x1050"x0.0  119.00  1680 1728 1760 1840  1050 1053 1059 1080 +hsync -vsync (64.7 kHz e)
[ 73723.505] (II) modeset(0): Modeline "1440x900"x0.0   88.75  1440 1488 1520 1600  900 903 909 926 +hsync -vsync (55.5 kHz e)
[ 73723.505] (II) modeset(0): Modeline "1280x1024"x0.0  108.00  1280 1328 1440 1688  1024 1025 1028 1066 +hsync +vsync (64.0 kHz e)
[ 73723.505] (II) modeset(0): Modeline "1280x960"x0.0  108.00  1280 1376 1488 1800  960 961 964 1000 +hsync +vsync (60.0 kHz e)
[ 73723.653] (II) event3  - Power Button: is tagged by udev as: Keyboard
[ 73723.653] (II) event3  - Power Button: device is a keyboard
[ 73723.660] (II) event7  - Logitech Wireless Keyboard PID:4023: is tagged by udev as: Keyboard
[ 73723.661] (II) event7  - Logitech Wireless Keyboard PID:4023: device is a keyboard
[ 73723.666] (II) event8  - Logitech Wireless Mouse: is tagged by udev as: Mouse
[ 73723.666] (II) event8  - Logitech Wireless Mouse: device is a pointer
[ 73723.671] (II) event6  - DELL08D1:00 04F3:30C4 Mouse: is tagged by udev as: Mouse Pointingstick
[ 73723.672] (II) event6  - DELL08D1:00 04F3:30C4 Mouse: device is a pointer
[ 73723.676] (II) event11 - Intel HID 5 button array: is tagged by udev as: Keyboard
[ 73723.676] (II) event11 - Intel HID 5 button array: device is a keyboard
[ 73723.679] (II) event10 - ImPS/2 Logitech Wheel Mouse: is tagged by udev as: Mouse
[ 73723.679] (II) event10 - ImPS/2 Logitech Wheel Mouse: device set to 400 DPI
[ 73723.679] (II) event10 - ImPS/2 Logitech Wheel Mouse: device is a pointer
[ 73723.680] (II) systemd-logind: got resume for 13:66
[ 73723.682] (II) event2  - Sleep Button: is tagged by udev as: Keyboard
[ 73723.682] (II) event2  - Sleep Button: device is a keyboard
[ 73723.683] (II) systemd-logind: got resume for 13:76
[ 73723.685] (II) event12 - DELL08D1:00 04F3:30C4 Touchpad: is tagged by udev as: Touchpad
[ 73723.686] (II) event12 - DELL08D1:00 04F3:30C4 Touchpad: device is a touchpad
[ 73723.687] (II) systemd-logind: got resume for 13:68
[ 73723.688] (II) event4  - AT Translated Set 2 keyboard: is tagged by udev as: Keyboard
[ 73723.688] (II) event4  - AT Translated Set 2 keyboard: device is a keyboard
[ 73723.689] (II) systemd-logind: got resume for 13:77
[ 73723.690] (II) event13 - Video Bus: is tagged by udev as: Keyboard
[ 73723.690] (II) event13 - Video Bus: device is a keyboard
[ 73723.691] (II) systemd-logind: got resume for 13:73
[ 73723.692] (II) event9  - Intel HID events: is tagged by udev as: Keyboard
[ 73723.692] (II) event9  - Intel HID events: device is a keyboard
[ 73723.692] (II) systemd-logind: got resume for 13:78
[ 73723.693] (II) event14 - Integrated_Webcam_HD: Integrate: is tagged by udev as: Keyboard
[ 73723.693] (II) event14 - Integrated_Webcam_HD: Integrate: device is a keyboard
[ 73723.694] (II) systemd-logind: got resume for 13:65
[ 73723.695] (II) event1  - Power Button: is tagged by udev as: Keyboard
[ 73723.695] (II) event1  - Power Button: device is a keyboard
[ 73723.695] (II) systemd-logind: got resume for 13:69
[ 73723.696] (II) event5  - Dell WMI hotkeys: is tagged by udev as: Keyboard
[ 73723.696] (II) event5  - Dell WMI hotkeys: device is a keyboard
[ 73724.026] (II) modeset(0): Allocate new frame buffer 3286x1080 stride
[ 73726.239] (II) modeset(0): EDID vendor "AOC", prod id 9217
[ 73726.239] (II) modeset(0): Using hsync ranges from config file
[ 73726.239] (II) modeset(0): Using vrefresh ranges from config file
[ 73726.239] (II) modeset(0): Printing DDC gathered Modelines:
[ 73726.239] (II) modeset(0): Modeline "1920x1080"x0.0  148.50  1920 2008 2052 2200  1080 1084 1089 1125 +hsync +vsync (67.5 kHz eP)
[ 73726.239] (II) modeset(0): Modeline "720x480"x0.0   27.00  720 736 798 858  480 489 495 525 -hsync -vsync (31.5 kHz e)
[ 73726.239] (II) modeset(0): Modeline "1280x720"x0.0   74.25  1280 1390 1430 1650  720 725 730 750 +hsync +vsync (45.0 kHz e)
[ 73726.239] (II) modeset(0): Modeline "720x576"x0.0   27.00  720 732 796 864  576 581 586 625 -hsync -vsync (31.2 kHz e)
[ 73726.239] (II) modeset(0): Modeline "1920x1080"x0.0  148.50  1920 2448 2492 2640  1080 1084 1089 1125 +hsync +vsync (56.2 kHz e)
[ 73726.239] (II) modeset(0): Modeline "1920x1080i"x0.0   74.25  1920 2008 2052 2200  1080 1084 1094 1125 interlace +hsync +vsync (33.8 kHz e)
[ 73726.239] (II) modeset(0): Modeline "1920x1080i"x0.0   74.25  1920 2448 2492 2640  1080 1084 1094 1125 interlace +hsync +vsync (28.1 kHz e)
[ 73726.239] (II) modeset(0): Modeline "1280x720"x0.0   74.25  1280 1720 1760 1980  720 725 730 750 +hsync +vsync (37.5 kHz e)
[ 73726.239] (II) modeset(0): Modeline "640x480"x0.0   25.18  640 656 752 800  480 490 492 525 -hsync -vsync (31.5 kHz e)
[ 73726.239] (II) modeset(0): Modeline "800x600"x0.0   40.00  800 840 968 1056  600 601 605 628 +hsync +vsync (37.9 kHz e)
[ 73726.239] (II) modeset(0): Modeline "800x600"x0.0   36.00  800 824 896 1024  600 601 603 625 +hsync +vsync (35.2 kHz e)
[ 73726.239] (II) modeset(0): Modeline "640x480"x0.0   31.50  640 656 720 840  480 481 484 500 -hsync -vsync (37.5 kHz e)
[ 73726.239] (II) modeset(0): Modeline "640x480"x0.0   31.50  640 664 704 832  480 489 492 520 -hsync -vsync (37.9 kHz e)
[ 73726.239] (II) modeset(0): Modeline "640x480"x0.0   30.24  640 704 768 864  480 483 486 525 -hsync -vsync (35.0 kHz e)
[ 73726.239] (II) modeset(0): Modeline "720x400"x0.0   28.32  720 738 846 900  400 412 414 449 -hsync +vsync (31.5 kHz e)
[ 73726.239] (II) modeset(0): Modeline "1280x1024"x0.0  135.00  1280 1296 1440 1688  1024 1025 1028 1066 +hsync +vsync (80.0 kHz e)
[ 73726.239] (II) modeset(0): Modeline "1024x768"x0.0   78.75  1024 1040 1136 1312  768 769 772 800 +hsync +vsync (60.0 kHz e)
[ 73726.239] (II) modeset(0): Modeline "1024x768"x0.0   75.00  1024 1048 1184 1328  768 771 777 806 -hsync -vsync (56.5 kHz e)
[ 73726.239] (II) modeset(0): Modeline "1024x768"x0.0   65.00  1024 1048 1184 1344  768 771 777 806 -hsync -vsync (48.4 kHz e)
[ 73726.239] (II) modeset(0): Modeline "832x624"x0.0   57.28  832 864 928 1152  624 625 628 667 -hsync -vsync (49.7 kHz e)
[ 73726.239] (II) modeset(0): Modeline "800x600"x0.0   49.50  800 816 896 1056  600 601 604 625 +hsync +vsync (46.9 kHz e)
[ 73726.239] (II) modeset(0): Modeline "800x600"x0.0   50.00  800 856 976 1040  600 637 643 666 +hsync +vsync (48.1 kHz e)
[ 73726.239] (II) modeset(0): Modeline "1680x1050"x0.0  119.00  1680 1728 1760 1840  1050 1053 1059 1080 +hsync -vsync (64.7 kHz e)
[ 73726.239] (II) modeset(0): Modeline "1440x900"x0.0   88.75  1440 1488 1520 1600  900 903 909 926 +hsync -vsync (55.5 kHz e)
[ 73726.239] (II) modeset(0): Modeline "1280x1024"x0.0  108.00  1280 1328 1440 1688  1024 1025 1028 1066 +hsync +vsync (64.0 kHz e)
[ 73726.239] (II) modeset(0): Modeline "1280x960"x0.0  108.00  1280 1376 1488 1800  960 961 964 1000 +hsync +vsync (60.0 kHz e)
